<?xml version="1.0" encoding="UTF-8"?>
<testng-results skipped="0" failed="0" ignored="0" total="1" passed="1">
  <reporter-output>
  </reporter-output>
  <suite name="Default suite" duration-ms="3575" started-at="2019-03-26T10:45:31Z" finished-at="2019-03-26T10:45:35Z">
    <groups>
    </groups>
    <test name="Default test" duration-ms="3575" started-at="2019-03-26T10:45:31Z" finished-at="2019-03-26T10:45:35Z">
      <class name="automation.testcasses.LoginTest">
        <test-method status="PASS" signature="setup()[pri:0, instance:automation.testcasses.LoginTest@222545dc]" name="setup" is-config="true" duration-ms="14828" started-at="2019-03-26T10:45:17Z" finished-at="2019-03-26T10:45:31Z">
          <reporter-output>
          </reporter-output>
        </test-method> <!-- setup -->
        <test-method status="PASS" signature="loginTestManager()[pri:0, instance:automation.testcasses.LoginTest@222545dc]" name="loginTestManager" duration-ms="3428" started-at="2019-03-26T10:45:32Z" finished-at="2019-03-26T10:45:35Z">
          <reporter-output>
          </reporter-output>
        </test-method> <!-- loginTestManager -->
        <test-method status="PASS" signature="tearDown()[pri:0, instance:automation.testcasses.LoginTest@222545dc]" name="tearDown" is-config="true" duration-ms="1428" started-at="2019-03-26T10:45:36Z" finished-at="2019-03-26T10:45:37Z">
          <reporter-output>
          </reporter-output>
        </test-method> <!-- tearDown -->
      </class> <!-- automation.testcasses.LoginTest -->
    </test> <!-- Default test -->
  </suite> <!-- Default suite -->
</testng-results>
